  action.cpp
c:\users\yang\desktop\tohouprojectapi\tohouprojectapi\heptaapi\dialogue.h(47): warning C4267: '=': 'size_t'에서 'int'(으)로 변환하면서 데이터가 손실될 수 있습니다.
c:\users\yang\desktop\tohouprojectapi\tohouprojectapi\heptaapi\dialogue.h(53): warning C4244: '인수': 'float'에서 'int'(으)로 변환하면서 데이터가 손실될 수 있습니다.
c:\users\yang\desktop\tohouprojectapi\tohouprojectapi\heptaapi\dialogue.h(56): warning C4244: '=': 'LONG'에서 'float'(으)로 변환하면서 데이터가 손실될 수 있습니다.
c:\users\yang\desktop\tohouprojectapi\tohouprojectapi\heptaapi\dialogue.h(57): warning C4244: '=': 'LONG'에서 'float'(으)로 변환하면서 데이터가 손실될 수 있습니다.
  card.cpp
c:\users\yang\desktop\tohouprojectapi\tohouprojectapi\heptaapi\dialogue.h(47): warning C4267: '=': 'size_t'에서 'int'(으)로 변환하면서 데이터가 손실될 수 있습니다.
c:\users\yang\desktop\tohouprojectapi\tohouprojectapi\heptaapi\dialogue.h(53): warning C4244: '인수': 'float'에서 'int'(으)로 변환하면서 데이터가 손실될 수 있습니다.
c:\users\yang\desktop\tohouprojectapi\tohouprojectapi\heptaapi\dialogue.h(56): warning C4244: '=': 'LONG'에서 'float'(으)로 변환하면서 데이터가 손실될 수 있습니다.
c:\users\yang\desktop\tohouprojectapi\tohouprojectapi\heptaapi\dialogue.h(57): warning C4244: '=': 'LONG'에서 'float'(으)로 변환하면서 데이터가 손실될 수 있습니다.
c:\users\yang\desktop\tohouprojectapi\tohouprojectapi\heptaapi\enemycard.h(5): error C2504: 'card': 기본 클래스를 정의하지 않았습니다.
c:\users\yang\desktop\tohouprojectapi\tohouprojectapi\heptaapi\enemy.h(68): warning C4244: '=': 'int'에서 'float'(으)로 변환하면서 데이터가 손실될 수 있습니다.
c:\users\yang\desktop\tohouprojectapi\tohouprojectapi\heptaapi\enemy.h(69): warning C4244: 'return': 'float'에서 'int'(으)로 변환하면서 데이터가 손실될 수 있습니다.
c:\users\yang\desktop\tohouprojectapi\tohouprojectapi\heptaapi\card.cpp(36): warning C4244: '인수': 'float'에서 'int'(으)로 변환하면서 데이터가 손실될 수 있습니다.
  collision.cpp
c:\users\yang\desktop\tohouprojectapi\tohouprojectapi\heptaapi\dialogue.h(47): warning C4267: '=': 'size_t'에서 'int'(으)로 변환하면서 데이터가 손실될 수 있습니다.
c:\users\yang\desktop\tohouprojectapi\tohouprojectapi\heptaapi\dialogue.h(53): warning C4244: '인수': 'float'에서 'int'(으)로 변환하면서 데이터가 손실될 수 있습니다.
c:\users\yang\desktop\tohouprojectapi\tohouprojectapi\heptaapi\dialogue.h(56): warning C4244: '=': 'LONG'에서 'float'(으)로 변환하면서 데이터가 손실될 수 있습니다.
c:\users\yang\desktop\tohouprojectapi\tohouprojectapi\heptaapi\dialogue.h(57): warning C4244: '=': 'LONG'에서 'float'(으)로 변환하면서 데이터가 손실될 수 있습니다.
  enemy.cpp
c:\users\yang\desktop\tohouprojectapi\tohouprojectapi\heptaapi\dialogue.h(47): warning C4267: '=': 'size_t'에서 'int'(으)로 변환하면서 데이터가 손실될 수 있습니다.
c:\users\yang\desktop\tohouprojectapi\tohouprojectapi\heptaapi\dialogue.h(53): warning C4244: '인수': 'float'에서 'int'(으)로 변환하면서 데이터가 손실될 수 있습니다.
c:\users\yang\desktop\tohouprojectapi\tohouprojectapi\heptaapi\dialogue.h(56): warning C4244: '=': 'LONG'에서 'float'(으)로 변환하면서 데이터가 손실될 수 있습니다.
c:\users\yang\desktop\tohouprojectapi\tohouprojectapi\heptaapi\dialogue.h(57): warning C4244: '=': 'LONG'에서 'float'(으)로 변환하면서 데이터가 손실될 수 있습니다.
c:\users\yang\desktop\tohouprojectapi\tohouprojectapi\heptaapi\card.h(58): error C2061: 구문 오류: 식별자 'enemy'
c:\users\yang\desktop\tohouprojectapi\tohouprojectapi\heptaapi\enemy.h(68): warning C4244: '=': 'int'에서 'float'(으)로 변환하면서 데이터가 손실될 수 있습니다.
c:\users\yang\desktop\tohouprojectapi\tohouprojectapi\heptaapi\enemy.h(69): warning C4244: 'return': 'float'에서 'int'(으)로 변환하면서 데이터가 손실될 수 있습니다.
c:\users\yang\desktop\tohouprojectapi\tohouprojectapi\heptaapi\enemy.cpp(23): warning C4305: '=': 'double'에서 'float'(으)로 잘립니다.
c:\users\yang\desktop\tohouprojectapi\tohouprojectapi\heptaapi\enemy.cpp(56): warning C4838: 'float'에서 'LONG'(으)로의 변환에는 축소 변환이 필요합니다.
c:\users\yang\desktop\tohouprojectapi\tohouprojectapi\heptaapi\enemy.cpp(52): warning C4244: '초기화 중': 'float'에서 'LONG'(으)로 변환하면서 데이터가 손실될 수 있습니다.
c:\users\yang\desktop\tohouprojectapi\tohouprojectapi\heptaapi\enemy.cpp(53): warning C4244: '초기화 중': 'float'에서 'LONG'(으)로 변환하면서 데이터가 손실될 수 있습니다.
c:\users\yang\desktop\tohouprojectapi\tohouprojectapi\heptaapi\enemy.cpp(54): warning C4244: '초기화 중': 'float'에서 'LONG'(으)로 변환하면서 데이터가 손실될 수 있습니다.
c:\users\yang\desktop\tohouprojectapi\tohouprojectapi\heptaapi\enemy.cpp(55): warning C4244: '초기화 중': 'float'에서 'LONG'(으)로 변환하면서 데이터가 손실될 수 있습니다.
  enemyAngel.cpp
c:\users\yang\desktop\tohouprojectapi\tohouprojectapi\heptaapi\dialogue.h(47): warning C4267: '=': 'size_t'에서 'int'(으)로 변환하면서 데이터가 손실될 수 있습니다.
c:\users\yang\desktop\tohouprojectapi\tohouprojectapi\heptaapi\dialogue.h(53): warning C4244: '인수': 'float'에서 'int'(으)로 변환하면서 데이터가 손실될 수 있습니다.
c:\users\yang\desktop\tohouprojectapi\tohouprojectapi\heptaapi\dialogue.h(56): warning C4244: '=': 'LONG'에서 'float'(으)로 변환하면서 데이터가 손실될 수 있습니다.
c:\users\yang\desktop\tohouprojectapi\tohouprojectapi\heptaapi\dialogue.h(57): warning C4244: '=': 'LONG'에서 'float'(으)로 변환하면서 데이터가 손실될 수 있습니다.
c:\users\yang\desktop\tohouprojectapi\tohouprojectapi\heptaapi\card.h(58): error C2061: 구문 오류: 식별자 'enemy'
c:\users\yang\desktop\tohouprojectapi\tohouprojectapi\heptaapi\enemy.h(68): warning C4244: '=': 'int'에서 'float'(으)로 변환하면서 데이터가 손실될 수 있습니다.
c:\users\yang\desktop\tohouprojectapi\tohouprojectapi\heptaapi\enemy.h(69): warning C4244: 'return': 'float'에서 'int'(으)로 변환하면서 데이터가 손실될 수 있습니다.
c:\users\yang\desktop\tohouprojectapi\tohouprojectapi\heptaapi\enemyangel.cpp(15): warning C4244: '인수': 'float'에서 'int'(으)로 변환하면서 데이터가 손실될 수 있습니다.
c:\users\yang\desktop\tohouprojectapi\tohouprojectapi\heptaapi\enemyangel.cpp(29): warning C4305: '인수': 'double'에서 'float'(으)로 잘립니다.
  enemyManager.cpp
c:\users\yang\desktop\tohouprojectapi\tohouprojectapi\heptaapi\dialogue.h(47): warning C4267: '=': 'size_t'에서 'int'(으)로 변환하면서 데이터가 손실될 수 있습니다.
c:\users\yang\desktop\tohouprojectapi\tohouprojectapi\heptaapi\dialogue.h(53): warning C4244: '인수': 'float'에서 'int'(으)로 변환하면서 데이터가 손실될 수 있습니다.
c:\users\yang\desktop\tohouprojectapi\tohouprojectapi\heptaapi\dialogue.h(56): warning C4244: '=': 'LONG'에서 'float'(으)로 변환하면서 데이터가 손실될 수 있습니다.
c:\users\yang\desktop\tohouprojectapi\tohouprojectapi\heptaapi\dialogue.h(57): warning C4244: '=': 'LONG'에서 'float'(으)로 변환하면서 데이터가 손실될 수 있습니다.
c:\users\yang\desktop\tohouprojectapi\tohouprojectapi\heptaapi\card.h(58): error C2061: 구문 오류: 식별자 'enemy'
c:\users\yang\desktop\tohouprojectapi\tohouprojectapi\heptaapi\enemy.h(68): warning C4244: '=': 'int'에서 'float'(으)로 변환하면서 데이터가 손실될 수 있습니다.
c:\users\yang\desktop\tohouprojectapi\tohouprojectapi\heptaapi\enemy.h(69): warning C4244: 'return': 'float'에서 'int'(으)로 변환하면서 데이터가 손실될 수 있습니다.
c:\users\yang\desktop\tohouprojectapi\tohouprojectapi\heptaapi\player.h(54): warning C4244: '=': 'int'에서 'float'(으)로 변환하면서 데이터가 손실될 수 있습니다.
c:\users\yang\desktop\tohouprojectapi\tohouprojectapi\heptaapi\player.h(56): warning C4244: '=': 'int'에서 'float'(으)로 변환하면서 데이터가 손실될 수 있습니다.
c:\users\yang\desktop\tohouprojectapi\tohouprojectapi\heptaapi\player.h(67): warning C4244: '=': 'int'에서 'float'(으)로 변환하면서 데이터가 손실될 수 있습니다.
c:\users\yang\desktop\tohouprojectapi\tohouprojectapi\heptaapi\player.h(68): warning C4244: 'return': 'float'에서 'int'(으)로 변환하면서 데이터가 손실될 수 있습니다.
c:\users\yang\desktop\tohouprojectapi\tohouprojectapi\heptaapi\enemymanager.cpp(94): warning C4553: '==': 식의 결과가 사용되지 않습니다. '='을(를) 의도했습니까?
c:\users\yang\desktop\tohouprojectapi\tohouprojectapi\heptaapi\enemymanager.cpp(120): warning C4553: '==': 식의 결과가 사용되지 않습니다. '='을(를) 의도했습니까?
c:\users\yang\desktop\tohouprojectapi\tohouprojectapi\heptaapi\enemymanager.cpp(128): warning C4553: '==': 식의 결과가 사용되지 않습니다. '='을(를) 의도했습니까?
  gameNode.cpp
c:\users\yang\desktop\tohouprojectapi\tohouprojectapi\heptaapi\dialogue.h(47): warning C4267: '=': 'size_t'에서 'int'(으)로 변환하면서 데이터가 손실될 수 있습니다.
c:\users\yang\desktop\tohouprojectapi\tohouprojectapi\heptaapi\dialogue.h(53): warning C4244: '인수': 'float'에서 'int'(으)로 변환하면서 데이터가 손실될 수 있습니다.
c:\users\yang\desktop\tohouprojectapi\tohouprojectapi\heptaapi\dialogue.h(56): warning C4244: '=': 'LONG'에서 'float'(으)로 변환하면서 데이터가 손실될 수 있습니다.
c:\users\yang\desktop\tohouprojectapi\tohouprojectapi\heptaapi\dialogue.h(57): warning C4244: '=': 'LONG'에서 'float'(으)로 변환하면서 데이터가 손실될 수 있습니다.
c:\users\yang\desktop\tohouprojectapi\tohouprojectapi\heptaapi\gamenode.cpp(102): warning C4244: '=': 'float'에서 'LONG'(으)로 변환하면서 데이터가 손실될 수 있습니다.
c:\users\yang\desktop\tohouprojectapi\tohouprojectapi\heptaapi\gamenode.cpp(103): warning C4244: '=': 'float'에서 'LONG'(으)로 변환하면서 데이터가 손실될 수 있습니다.
c:\users\yang\desktop\tohouprojectapi\tohouprojectapi\heptaapi\gamenode.cpp(91): warning C4101: 'hdc' :참조되지 않은 지역 변수입니다.
c:\users\yang\desktop\tohouprojectapi\tohouprojectapi\heptaapi\gamenode.cpp(92): warning C4101: 'ps' :참조되지 않은 지역 변수입니다.
  player.cpp
c:\users\yang\desktop\tohouprojectapi\tohouprojectapi\heptaapi\dialogue.h(47): warning C4267: '=': 'size_t'에서 'int'(으)로 변환하면서 데이터가 손실될 수 있습니다.
c:\users\yang\desktop\tohouprojectapi\tohouprojectapi\heptaapi\dialogue.h(53): warning C4244: '인수': 'float'에서 'int'(으)로 변환하면서 데이터가 손실될 수 있습니다.
c:\users\yang\desktop\tohouprojectapi\tohouprojectapi\heptaapi\dialogue.h(56): warning C4244: '=': 'LONG'에서 'float'(으)로 변환하면서 데이터가 손실될 수 있습니다.
c:\users\yang\desktop\tohouprojectapi\tohouprojectapi\heptaapi\dialogue.h(57): warning C4244: '=': 'LONG'에서 'float'(으)로 변환하면서 데이터가 손실될 수 있습니다.
c:\users\yang\desktop\tohouprojectapi\tohouprojectapi\heptaapi\enemycard.h(5): error C2504: 'card': 기본 클래스를 정의하지 않았습니다.
c:\users\yang\desktop\tohouprojectapi\tohouprojectapi\heptaapi\enemy.h(68): warning C4244: '=': 'int'에서 'float'(으)로 변환하면서 데이터가 손실될 수 있습니다.
c:\users\yang\desktop\tohouprojectapi\tohouprojectapi\heptaapi\enemy.h(69): warning C4244: 'return': 'float'에서 'int'(으)로 변환하면서 데이터가 손실될 수 있습니다.
c:\users\yang\desktop\tohouprojectapi\tohouprojectapi\heptaapi\player.h(54): warning C4244: '=': 'int'에서 'float'(으)로 변환하면서 데이터가 손실될 수 있습니다.
c:\users\yang\desktop\tohouprojectapi\tohouprojectapi\heptaapi\player.h(56): warning C4244: '=': 'int'에서 'float'(으)로 변환하면서 데이터가 손실될 수 있습니다.
c:\users\yang\desktop\tohouprojectapi\tohouprojectapi\heptaapi\player.h(67): warning C4244: '=': 'int'에서 'float'(으)로 변환하면서 데이터가 손실될 수 있습니다.
c:\users\yang\desktop\tohouprojectapi\tohouprojectapi\heptaapi\player.h(68): warning C4244: 'return': 'float'에서 'int'(으)로 변환하면서 데이터가 손실될 수 있습니다.
c:\users\yang\desktop\tohouprojectapi\tohouprojectapi\heptaapi\player.cpp(22): warning C4244: '=': 'int'에서 'float'(으)로 변환하면서 데이터가 손실될 수 있습니다.
c:\users\yang\desktop\tohouprojectapi\tohouprojectapi\heptaapi\player.cpp(23): warning C4244: '=': 'int'에서 'float'(으)로 변환하면서 데이터가 손실될 수 있습니다.
c:\users\yang\desktop\tohouprojectapi\tohouprojectapi\heptaapi\player.cpp(123): warning C4305: '초기화 중': 'double'에서 'float'(으)로 잘립니다.
c:\users\yang\desktop\tohouprojectapi\tohouprojectapi\heptaapi\player.cpp(272): warning C4838: 'float'에서 'LONG'(으)로의 변환에는 축소 변환이 필요합니다.
c:\users\yang\desktop\tohouprojectapi\tohouprojectapi\heptaapi\player.cpp(268): warning C4244: '초기화 중': 'float'에서 'LONG'(으)로 변환하면서 데이터가 손실될 수 있습니다.
c:\users\yang\desktop\tohouprojectapi\tohouprojectapi\heptaapi\player.cpp(269): warning C4244: '초기화 중': 'float'에서 'LONG'(으)로 변환하면서 데이터가 손실될 수 있습니다.
c:\users\yang\desktop\tohouprojectapi\tohouprojectapi\heptaapi\player.cpp(270): warning C4244: '초기화 중': 'float'에서 'LONG'(으)로 변환하면서 데이터가 손실될 수 있습니다.
c:\users\yang\desktop\tohouprojectapi\tohouprojectapi\heptaapi\player.cpp(271): warning C4244: '초기화 중': 'float'에서 'LONG'(으)로 변환하면서 데이터가 손실될 수 있습니다.
c:\users\yang\desktop\tohouprojectapi\tohouprojectapi\heptaapi\player.cpp(300): error C2039: 'isObjectCollision': 'playerCard'의 멤버가 아닙니다.
  c:\users\yang\desktop\tohouprojectapi\tohouprojectapi\heptaapi\playercard.h(5): note: 'playerCard' 선언을 참조하십시오.
  playerHomingCard.cpp
c:\users\yang\desktop\tohouprojectapi\tohouprojectapi\heptaapi\dialogue.h(47): warning C4267: '=': 'size_t'에서 'int'(으)로 변환하면서 데이터가 손실될 수 있습니다.
c:\users\yang\desktop\tohouprojectapi\tohouprojectapi\heptaapi\dialogue.h(53): warning C4244: '인수': 'float'에서 'int'(으)로 변환하면서 데이터가 손실될 수 있습니다.
c:\users\yang\desktop\tohouprojectapi\tohouprojectapi\heptaapi\dialogue.h(56): warning C4244: '=': 'LONG'에서 'float'(으)로 변환하면서 데이터가 손실될 수 있습니다.
c:\users\yang\desktop\tohouprojectapi\tohouprojectapi\heptaapi\dialogue.h(57): warning C4244: '=': 'LONG'에서 'float'(으)로 변환하면서 데이터가 손실될 수 있습니다.
c:\users\yang\desktop\tohouprojectapi\tohouprojectapi\heptaapi\enemycard.h(5): error C2504: 'card': 기본 클래스를 정의하지 않았습니다.
c:\users\yang\desktop\tohouprojectapi\tohouprojectapi\heptaapi\enemy.h(68): warning C4244: '=': 'int'에서 'float'(으)로 변환하면서 데이터가 손실될 수 있습니다.
c:\users\yang\desktop\tohouprojectapi\tohouprojectapi\heptaapi\enemy.h(69): warning C4244: 'return': 'float'에서 'int'(으)로 변환하면서 데이터가 손실될 수 있습니다.
c:\users\yang\desktop\tohouprojectapi\tohouprojectapi\heptaapi\playerhomingcard.cpp(37): error C3861: 'isWindowCollision': 식별자를 찾을 수 없습니다.
c:\users\yang\desktop\tohouprojectapi\tohouprojectapi\heptaapi\playerhomingcard.cpp(43): warning C4244: '인수': 'float'에서 'int'(으)로 변환하면서 데이터가 손실될 수 있습니다.
  playerNormalCard.cpp
c:\users\yang\desktop\tohouprojectapi\tohouprojectapi\heptaapi\dialogue.h(47): warning C4267: '=': 'size_t'에서 'int'(으)로 변환하면서 데이터가 손실될 수 있습니다.
c:\users\yang\desktop\tohouprojectapi\tohouprojectapi\heptaapi\dialogue.h(53): warning C4244: '인수': 'float'에서 'int'(으)로 변환하면서 데이터가 손실될 수 있습니다.
c:\users\yang\desktop\tohouprojectapi\tohouprojectapi\heptaapi\dialogue.h(56): warning C4244: '=': 'LONG'에서 'float'(으)로 변환하면서 데이터가 손실될 수 있습니다.
c:\users\yang\desktop\tohouprojectapi\tohouprojectapi\heptaapi\dialogue.h(57): warning C4244: '=': 'LONG'에서 'float'(으)로 변환하면서 데이터가 손실될 수 있습니다.
c:\users\yang\desktop\tohouprojectapi\tohouprojectapi\heptaapi\enemycard.h(5): error C2504: 'card': 기본 클래스를 정의하지 않았습니다.
c:\users\yang\desktop\tohouprojectapi\tohouprojectapi\heptaapi\enemy.h(68): warning C4244: '=': 'int'에서 'float'(으)로 변환하면서 데이터가 손실될 수 있습니다.
c:\users\yang\desktop\tohouprojectapi\tohouprojectapi\heptaapi\enemy.h(69): warning C4244: 'return': 'float'에서 'int'(으)로 변환하면서 데이터가 손실될 수 있습니다.
c:\users\yang\desktop\tohouprojectapi\tohouprojectapi\heptaapi\playernormalcard.cpp(14): warning C4244: '인수': 'float'에서 'int'(으)로 변환하면서 데이터가 손실될 수 있습니다.
  playGround.cpp
c:\users\yang\desktop\tohouprojectapi\tohouprojectapi\heptaapi\dialogue.h(47): warning C4267: '=': 'size_t'에서 'int'(으)로 변환하면서 데이터가 손실될 수 있습니다.
c:\users\yang\desktop\tohouprojectapi\tohouprojectapi\heptaapi\dialogue.h(53): warning C4244: '인수': 'float'에서 'int'(으)로 변환하면서 데이터가 손실될 수 있습니다.
c:\users\yang\desktop\tohouprojectapi\tohouprojectapi\heptaapi\dialogue.h(56): warning C4244: '=': 'LONG'에서 'float'(으)로 변환하면서 데이터가 손실될 수 있습니다.
c:\users\yang\desktop\tohouprojectapi\tohouprojectapi\heptaapi\dialogue.h(57): warning C4244: '=': 'LONG'에서 'float'(으)로 변환하면서 데이터가 손실될 수 있습니다.
c:\users\yang\desktop\tohouprojectapi\tohouprojectapi\heptaapi\enemycard.h(5): error C2504: 'card': 기본 클래스를 정의하지 않았습니다.
c:\users\yang\desktop\tohouprojectapi\tohouprojectapi\heptaapi\enemy.h(68): warning C4244: '=': 'int'에서 'float'(으)로 변환하면서 데이터가 손실될 수 있습니다.
c:\users\yang\desktop\tohouprojectapi\tohouprojectapi\heptaapi\enemy.h(69): warning C4244: 'return': 'float'에서 'int'(으)로 변환하면서 데이터가 손실될 수 있습니다.
c:\users\yang\desktop\tohouprojectapi\tohouprojectapi\heptaapi\player.h(54): warning C4244: '=': 'int'에서 'float'(으)로 변환하면서 데이터가 손실될 수 있습니다.
c:\users\yang\desktop\tohouprojectapi\tohouprojectapi\heptaapi\player.h(56): warning C4244: '=': 'int'에서 'float'(으)로 변환하면서 데이터가 손실될 수 있습니다.
c:\users\yang\desktop\tohouprojectapi\tohouprojectapi\heptaapi\player.h(67): warning C4244: '=': 'int'에서 'float'(으)로 변환하면서 데이터가 손실될 수 있습니다.
c:\users\yang\desktop\tohouprojectapi\tohouprojectapi\heptaapi\player.h(68): warning C4244: 'return': 'float'에서 'int'(으)로 변환하면서 데이터가 손실될 수 있습니다.
  PlayScene.cpp
c:\users\yang\desktop\tohouprojectapi\tohouprojectapi\heptaapi\dialogue.h(47): warning C4267: '=': 'size_t'에서 'int'(으)로 변환하면서 데이터가 손실될 수 있습니다.
c:\users\yang\desktop\tohouprojectapi\tohouprojectapi\heptaapi\dialogue.h(53): warning C4244: '인수': 'float'에서 'int'(으)로 변환하면서 데이터가 손실될 수 있습니다.
c:\users\yang\desktop\tohouprojectapi\tohouprojectapi\heptaapi\dialogue.h(56): warning C4244: '=': 'LONG'에서 'float'(으)로 변환하면서 데이터가 손실될 수 있습니다.
c:\users\yang\desktop\tohouprojectapi\tohouprojectapi\heptaapi\dialogue.h(57): warning C4244: '=': 'LONG'에서 'float'(으)로 변환하면서 데이터가 손실될 수 있습니다.
c:\users\yang\desktop\tohouprojectapi\tohouprojectapi\heptaapi\enemycard.h(5): error C2504: 'card': 기본 클래스를 정의하지 않았습니다.
c:\users\yang\desktop\tohouprojectapi\tohouprojectapi\heptaapi\enemy.h(68): warning C4244: '=': 'int'에서 'float'(으)로 변환하면서 데이터가 손실될 수 있습니다.
c:\users\yang\desktop\tohouprojectapi\tohouprojectapi\heptaapi\enemy.h(69): warning C4244: 'return': 'float'에서 'int'(으)로 변환하면서 데이터가 손실될 수 있습니다.
c:\users\yang\desktop\tohouprojectapi\tohouprojectapi\heptaapi\player.h(54): warning C4244: '=': 'int'에서 'float'(으)로 변환하면서 데이터가 손실될 수 있습니다.
c:\users\yang\desktop\tohouprojectapi\tohouprojectapi\heptaapi\player.h(56): warning C4244: '=': 'int'에서 'float'(으)로 변환하면서 데이터가 손실될 수 있습니다.
c:\users\yang\desktop\tohouprojectapi\tohouprojectapi\heptaapi\player.h(67): warning C4244: '=': 'int'에서 'float'(으)로 변환하면서 데이터가 손실될 수 있습니다.
c:\users\yang\desktop\tohouprojectapi\tohouprojectapi\heptaapi\player.h(68): warning C4244: 'return': 'float'에서 'int'(으)로 변환하면서 데이터가 손실될 수 있습니다.
c:\users\yang\desktop\tohouprojectapi\tohouprojectapi\heptaapi\playscene.cpp(54): warning C4267: '인수': 'size_t'에서 'int'(으)로 변환하면서 데이터가 손실될 수 있습니다.
  winMain.cpp
c:\users\yang\desktop\tohouprojectapi\tohouprojectapi\heptaapi\dialogue.h(47): warning C4267: '=': 'size_t'에서 'int'(으)로 변환하면서 데이터가 손실될 수 있습니다.
c:\users\yang\desktop\tohouprojectapi\tohouprojectapi\heptaapi\dialogue.h(53): warning C4244: '인수': 'float'에서 'int'(으)로 변환하면서 데이터가 손실될 수 있습니다.
c:\users\yang\desktop\tohouprojectapi\tohouprojectapi\heptaapi\dialogue.h(56): warning C4244: '=': 'LONG'에서 'float'(으)로 변환하면서 데이터가 손실될 수 있습니다.
c:\users\yang\desktop\tohouprojectapi\tohouprojectapi\heptaapi\dialogue.h(57): warning C4244: '=': 'LONG'에서 'float'(으)로 변환하면서 데이터가 손실될 수 있습니다.
c:\users\yang\desktop\tohouprojectapi\tohouprojectapi\heptaapi\enemycard.h(5): error C2504: 'card': 기본 클래스를 정의하지 않았습니다.
c:\users\yang\desktop\tohouprojectapi\tohouprojectapi\heptaapi\enemy.h(68): warning C4244: '=': 'int'에서 'float'(으)로 변환하면서 데이터가 손실될 수 있습니다.
c:\users\yang\desktop\tohouprojectapi\tohouprojectapi\heptaapi\enemy.h(69): warning C4244: 'return': 'float'에서 'int'(으)로 변환하면서 데이터가 손실될 수 있습니다.
c:\users\yang\desktop\tohouprojectapi\tohouprojectapi\heptaapi\player.h(54): warning C4244: '=': 'int'에서 'float'(으)로 변환하면서 데이터가 손실될 수 있습니다.
c:\users\yang\desktop\tohouprojectapi\tohouprojectapi\heptaapi\player.h(56): warning C4244: '=': 'int'에서 'float'(으)로 변환하면서 데이터가 손실될 수 있습니다.
c:\users\yang\desktop\tohouprojectapi\tohouprojectapi\heptaapi\player.h(67): warning C4244: '=': 'int'에서 'float'(으)로 변환하면서 데이터가 손실될 수 있습니다.
c:\users\yang\desktop\tohouprojectapi\tohouprojectapi\heptaapi\player.h(68): warning C4244: 'return': 'float'에서 'int'(으)로 변환하면서 데이터가 손실될 수 있습니다.
c:\users\yang\desktop\tohouprojectapi\tohouprojectapi\heptaapi\winmain.cpp(107): warning C4244: 'return': 'WPARAM'에서 'int'(으)로 변환하면서 데이터가 손실될 수 있습니다.
  코드를 생성하고 있습니다...
c:\users\yang\desktop\tohouprojectapi\tohouprojectapi\heptaapi\collision.cpp(41): warning C4715: 'HEPTA_UTIL::isCollisionReaction': 모든 제어 경로에서 값을 반환하지는 않습니다.
